c:\dae\gradwork\rl example\reinforcement-learning-example\source\x64\release\gpp_framework.pch
c:\dae\gradwork\rl example\reinforcement-learning-example\source\x64\release\vc143.pdb
c:\dae\gradwork\rl example\reinforcement-learning-example\source\x64\release\stdafx.obj
c:\dae\gradwork\rl example\reinforcement-learning-example\source\x64\release\egraphrenderer.obj
c:\dae\gradwork\rl example\reinforcement-learning-example\source\x64\release\egrapheditor.obj
c:\dae\gradwork\rl example\reinforcement-learning-example\source\x64\release\egraphnodetypes.obj
c:\dae\gradwork\rl example\reinforcement-learning-example\source\x64\release\egraphconnectiontypes.obj
c:\dae\gradwork\rl example\reinforcement-learning-example\source\x64\release\cellspace.obj
c:\dae\gradwork\rl example\reinforcement-learning-example\source\x64\release\cell.obj
c:\dae\gradwork\rl example\reinforcement-learning-example\source\x64\release\app_navmeshgraph.obj
c:\dae\gradwork\rl example\reinforcement-learning-example\source\x64\release\qlearning.obj
c:\dae\gradwork\rl example\reinforcement-learning-example\source\x64\release\qbot.obj
c:\dae\gradwork\rl example\reinforcement-learning-example\source\x64\release\food.obj
c:\dae\gradwork\rl example\reinforcement-learning-example\source\x64\release\dynamicqlearning.obj
c:\dae\gradwork\rl example\reinforcement-learning-example\source\x64\release\app_machinelearning.obj
c:\dae\gradwork\rl example\reinforcement-learning-example\source\x64\release\app_influencemap.obj
c:\dae\gradwork\rl example\reinforcement-learning-example\source\x64\release\statesandtransitions.obj
c:\dae\gradwork\rl example\reinforcement-learning-example\source\x64\release\app_agariogame.obj
c:\dae\gradwork\rl example\reinforcement-learning-example\source\x64\release\app_agariogame_bt.obj
c:\dae\gradwork\rl example\reinforcement-learning-example\source\x64\release\enavgraph.obj
c:\dae\gradwork\rl example\reinforcement-learning-example\source\x64\release\einfluencemap.obj
c:\dae\gradwork\rl example\reinforcement-learning-example\source\x64\release\efinitestatemachine.obj
c:\dae\gradwork\rl example\reinforcement-learning-example\source\x64\release\ebehaviortree.obj
c:\dae\gradwork\rl example\reinforcement-learning-example\source\x64\release\flockingsteeringbehaviors.obj
c:\dae\gradwork\rl example\reinforcement-learning-example\source\x64\release\app_flocking.obj
c:\dae\gradwork\rl example\reinforcement-learning-example\source\x64\release\combinedsteeringbehaviors.obj
c:\dae\gradwork\rl example\reinforcement-learning-example\source\x64\release\app_combinedsteering.obj
c:\dae\gradwork\rl example\reinforcement-learning-example\source\x64\release\sandboxagent.obj
c:\dae\gradwork\rl example\reinforcement-learning-example\source\x64\release\app_sandbox.obj
c:\dae\gradwork\rl example\reinforcement-learning-example\source\x64\release\app_graphtheory.obj
c:\dae\gradwork\rl example\reinforcement-learning-example\source\x64\release\main.obj
c:\dae\gradwork\rl example\reinforcement-learning-example\source\x64\release\gl3w.obj
c:\dae\gradwork\rl example\reinforcement-learning-example\source\x64\release\sdlwindow.obj
c:\dae\gradwork\rl example\reinforcement-learning-example\source\x64\release\eimmediateui.obj
c:\dae\gradwork\rl example\reinforcement-learning-example\source\x64\release\etimer_sdl.obj
c:\dae\gradwork\rl example\reinforcement-learning-example\source\x64\release\sdlframe.obj
c:\dae\gradwork\rl example\reinforcement-learning-example\source\x64\release\sdldebugrenderer2d.obj
c:\dae\gradwork\rl example\reinforcement-learning-example\source\x64\release\ecamera2d.obj
c:\dae\gradwork\rl example\reinforcement-learning-example\source\x64\release\ephysicsworldbox2d.obj
c:\dae\gradwork\rl example\reinforcement-learning-example\source\x64\release\erigidbodybox2d.obj
c:\dae\gradwork\rl example\reinforcement-learning-example\source\x64\release\ematrix2x3.obj
c:\dae\gradwork\rl example\reinforcement-learning-example\source\x64\release\einputmanager.obj
c:\dae\gradwork\rl example\reinforcement-learning-example\source\x64\release\egeometry2dtypes.obj
c:\dae\gradwork\rl example\reinforcement-learning-example\source\x64\release\qzombie.obj
c:\dae\gradwork\rl example\reinforcement-learning-example\source\x64\release\navigationcolliderelement.obj
c:\dae\gradwork\rl example\reinforcement-learning-example\source\x64\release\baseagent.obj
c:\dae\gradwork\rl example\reinforcement-learning-example\source\x64\release\agariofood.obj
c:\dae\gradwork\rl example\reinforcement-learning-example\source\x64\release\agariocontactlistener.obj
c:\dae\gradwork\rl example\reinforcement-learning-example\source\x64\release\agarioagent.obj
c:\dae\gradwork\rl example\reinforcement-learning-example\source\x64\release\app_pathfindingastar.obj
c:\dae\gradwork\rl example\reinforcement-learning-example\source\x64\release\steeringbehaviors.obj
c:\dae\gradwork\rl example\reinforcement-learning-example\source\x64\release\steeringagent.obj
c:\dae\gradwork\rl example\reinforcement-learning-example\source\x64\release\obstacle.obj
c:\dae\gradwork\rl example\reinforcement-learning-example\source\x64\release\app_steeringbehaviors.obj
c:\dae\gradwork\rl example\reinforcement-learning-example\source\x64\release\theflock.obj
c:\dae\gradwork\rl example\reinforcement-learning-example\source\x64\release\gpp_framework.tlog\cl.command.1.tlog
c:\dae\gradwork\rl example\reinforcement-learning-example\source\x64\release\gpp_framework.tlog\cl.read.1.tlog
c:\dae\gradwork\rl example\reinforcement-learning-example\source\x64\release\gpp_framework.tlog\cl.write.1.tlog
c:\dae\gradwork\rl example\reinforcement-learning-example\source\x64\release\gpp_framework.tlog\link.command.1.tlog
c:\dae\gradwork\rl example\reinforcement-learning-example\source\x64\release\gpp_framework.tlog\link.read.1.tlog
c:\dae\gradwork\rl example\reinforcement-learning-example\source\x64\release\gpp_framework.tlog\link.write.1.tlog
